<?xml version="1.0" encoding="UTF-8"?>
<testsuite xmlns:xsi="http://www.w3.org/2001/XMLSchema-instance" xsi:noNamespaceSchemaLocation="https://maven.apache.org/surefire/maven-surefire-plugin/xsd/surefire-test-report.xsd" version="3.0.2" name="com.in28minutes.learn_maven.LearnMavenApplicationTests" time="5.802" tests="1" errors="0" skipped="0" failures="0">
  <properties>
[...]
</properties>
  <testcase name="contextLoads" classname="com.in28minutes.learn_maven.LearnMavenApplicationTests" time="1.027">
    <system-out><![CDATA[15:37:28.497 [main] INFO org.springframework.test.context.support.AnnotationConfigContextLoaderUtils -- Could not detect default configuration classes for test class [com.in28minutes.learn_maven.LearnMavenApplicationTests]: LearnMavenApplicationTests does not declare any static, non-private, non-final, nested classes annotated with @Configuration.
15:37:28.716 [main] INFO org.springframework.boot.test.context.SpringBootTestContextBootstrapper -- Found @SpringBootConfiguration com.in28minutes.learn_maven.LearnMavenApplication for test class com.in28minutes.learn_maven.LearnMavenApplicationTests

  .   ____          _            __ _ _
 /\\ / ___'_ __ _ _(_)_ __  __ _ \ \ \ \
( ( )\___ | '_ | '_| | '_ \/ _` | \ \ \ \
 \\/  ___)| |_)| | | | | || (_| |  ) ) ) )
  '  |____| .__|_| |_|_| |_\__, | / / / /
 =========|_|==============|___/=/_/_/_/

 :: Spring Boot ::                (v3.4.2)

2025-01-27T15:37:31.286+05:30  INFO 24824 --- [learn-maven] [           main] c.i.l.LearnMavenApplicationTests         : Starting LearnMavenApplicationTests using Java 17.0.13 with PID 24824 (started by harit in C:\Users\harit\OneDrive\Desktop\learn-maven)
2025-01-27T15:37:31.288+05:30  INFO 24824 --- [learn-maven] [           main] c.i.l.LearnMavenApplicationTests         : No active profile set, falling back to 1 default profile: "default"
2025-01-27T15:37:32.965+05:30  INFO 24824 --- [learn-maven] [           main] c.i.l.LearnMavenApplicationTests         : Started LearnMavenApplicationTests in 3.691 seconds (process running for 5.477)
]]></system-out>
    <system-err><![CDATA[SLF4J(W): Class path contains multiple SLF4J providers.
SLF4J(W): Found provider [ch.qos.logback.classic.spi.LogbackServiceProvider@3eb738bb]
SLF4J(W): Found provider [org.slf4j.reload4j.Reload4jServiceProvider@5bda8e08]
SLF4J(W): See https://www.slf4j.org/codes.html#multiple_bindings for an explanation.
SLF4J(I): Actual provider is of type [ch.qos.logback.classic.spi.LogbackServiceProvider@3eb738bb]
]]></system-err>
  </testcase>
</testsuite>